sh: src/main/resources/scripts/generate_organic_population.sh: No such file or directory
sh: src/main/resources/scripts/gen_organic_population.sh: No such file or directory
Setting heap size: 100GB
--------MAIN HERE---------
Setting heap size: 1GB
--------MAIN HERE---------
Setting heap size: 250000GB
Error occurred during initialization of VM
Could not reserve enough space for 262144000000KB object heap
Setting heap size: 16GB
Exporting
1 batch of population size 1000
Generating batch 1
MEMORY MONITOR INITIALIZED
DISTRIBUTIONS INITIALIZED
LOGGING CONTROL INITIALIZED
POPULATION SEEDED
OUTPUT PRINTER INITIALIZED
EVENT HANDLING BEGINS
Number of people generated in population in x ms
25453    1014
CREATING GNU PLOT FILES
Elapsed time: 00:00:01
Exporting to database
10%
20%
30%
40%
50%
60%
70%
80%
90%
100%
Elapsed time: 00:00:29
1 batch of population size 1000
Setting heap size: 16GB
Exporting
1 batch of population size 1000
Generating batch 1
MEMORY MONITOR INITIALIZED
DISTRIBUTIONS INITIALIZED
LOGGING CONTROL INITIALIZED
POPULATION SEEDED
OUTPUT PRINTER INITIALIZED
EVENT HANDLING BEGINS
Number of people generated in population in x ms
25453    1081
CREATING GNU PLOT FILES
Elapsed time: 00:00:01
Exporting to database
10%
20%
30%
40%
50%
60%
70%
80%
90%
100%
Elapsed time: 00:00:32
1 batch of population size 1000
Setting heap size: 16GB
Exporting
1 batch of population size 1000
Generating batch 1
MEMORY MONITOR INITIALIZED
DISTRIBUTIONS INITIALIZED
LOGGING CONTROL INITIALIZED
POPULATION SEEDED
OUTPUT PRINTER INITIALIZED
EVENT HANDLING BEGINS
Number of people generated in population in x ms
25453    1099
CREATING GNU PLOT FILES
Elapsed time: 00:00:01
Exporting to database
10%
20%
30%
40%
50%
60%
70%
80%
90%
100%
Elapsed time: 00:00:28
1 batch of population size 1000
Setting heap size: 16GB
Exporting
1 batch of population size 1000
Generating batch 1
MEMORY MONITOR INITIALIZED
DISTRIBUTIONS INITIALIZED
LOGGING CONTROL INITIALIZED
POPULATION SEEDED
OUTPUT PRINTER INITIALIZED
EVENT HANDLING BEGINS
Number of people generated in population in x ms
25453    962
CREATING GNU PLOT FILES
Elapsed time: 00:00:01
Exporting to database
10%
20%
30%
40%
50%
60%
70%
80%
90%
100%
Elapsed time: 00:00:32
1 batch of population size 1000
Setting heap size: 16GB
Exporting
1 batch of population size 1000
Generating batch 1
Seed size = 1000
MEMORY MONITOR INITIALIZED
DISTRIBUTIONS INITIALIZED
LOGGING CONTROL INITIALIZED
POPULATION SEEDED
OUTPUT PRINTER INITIALIZED
EVENT HANDLING BEGINS
Number of people generated in population in x ms
25453    1081
CREATING GNU PLOT FILES
Elapsed time: 00:00:01
Exporting to database
10%
20%
30%
40%
50%
60%
70%
80%
90%
100%
Elapsed time: 00:00:29
1 batch of population size 1000
Setting heap size: 16GB
Exporting
1 batch of population size 250000
Generating batch 1
Seed size = 250000
MEMORY MONITOR INITIALIZED
DISTRIBUTIONS INITIALIZED
LOGGING CONTROL INITIALIZED
POPULATION SEEDED
OUTPUT PRINTER INITIALIZED
EVENT HANDLING BEGINS
Number of people generated in population in x ms
7876227    1052682
CREATING GNU PLOT FILES
Elapsed time: 00:17:32
Exporting to database
1%
[ERROR] Failed to execute goal org.codehaus.mojo:exec-maven-plugin:1.3:java (default-cli) on project population_model: An exception occured while executing the Java class. null: InvocationTargetException: Data truncation: Data too long for column 'occupation' at row 1 -> [Help 1]
org.apache.maven.lifecycle.LifecycleExecutionException: Failed to execute goal org.codehaus.mojo:exec-maven-plugin:1.3:java (default-cli) on project population_model: An exception occured while executing the Java class. null
	at org.apache.maven.lifecycle.internal.MojoExecutor.execute(MojoExecutor.java:216)
	at org.apache.maven.lifecycle.internal.MojoExecutor.execute(MojoExecutor.java:153)
	at org.apache.maven.lifecycle.internal.MojoExecutor.execute(MojoExecutor.java:145)
	at org.apache.maven.lifecycle.internal.LifecycleModuleBuilder.buildProject(LifecycleModuleBuilder.java:116)
	at org.apache.maven.lifecycle.internal.LifecycleModuleBuilder.buildProject(LifecycleModuleBuilder.java:80)
	at org.apache.maven.lifecycle.internal.builder.singlethreaded.SingleThreadedBuilder.build(SingleThreadedBuilder.java:51)
	at org.apache.maven.lifecycle.internal.LifecycleStarter.execute(LifecycleStarter.java:128)
	at org.apache.maven.DefaultMaven.doExecute(DefaultMaven.java:307)
	at org.apache.maven.DefaultMaven.doExecute(DefaultMaven.java:193)
	at org.apache.maven.DefaultMaven.execute(DefaultMaven.java:106)
	at org.apache.maven.cli.MavenCli.execute(MavenCli.java:862)
	at org.apache.maven.cli.MavenCli.doMain(MavenCli.java:286)
	at org.apache.maven.cli.MavenCli.main(MavenCli.java:197)
	at sun.reflect.NativeMethodAccessorImpl.invoke0(Native Method)
	at sun.reflect.NativeMethodAccessorImpl.invoke(NativeMethodAccessorImpl.java:62)
	at sun.reflect.DelegatingMethodAccessorImpl.invoke(DelegatingMethodAccessorImpl.java:43)
	at java.lang.reflect.Method.invoke(Method.java:497)
	at org.codehaus.plexus.classworlds.launcher.Launcher.launchEnhanced(Launcher.java:289)
	at org.codehaus.plexus.classworlds.launcher.Launcher.launch(Launcher.java:229)
	at org.codehaus.plexus.classworlds.launcher.Launcher.mainWithExitCode(Launcher.java:415)
	at org.codehaus.plexus.classworlds.launcher.Launcher.main(Launcher.java:356)
Caused by: org.apache.maven.plugin.MojoExecutionException: An exception occured while executing the Java class. null
	at org.codehaus.mojo.exec.ExecJavaMojo.execute(ExecJavaMojo.java:345)
	at org.apache.maven.plugin.DefaultBuildPluginManager.executeMojo(DefaultBuildPluginManager.java:134)
	at org.apache.maven.lifecycle.internal.MojoExecutor.execute(MojoExecutor.java:208)
	... 20 more
Caused by: java.lang.reflect.InvocationTargetException
	at sun.reflect.NativeMethodAccessorImpl.invoke0(Native Method)
	at sun.reflect.NativeMethodAccessorImpl.invoke(NativeMethodAccessorImpl.java:62)
	at sun.reflect.DelegatingMethodAccessorImpl.invoke(DelegatingMethodAccessorImpl.java:43)
	at java.lang.reflect.Method.invoke(Method.java:497)
	at org.codehaus.mojo.exec.ExecJavaMojo$1.run(ExecJavaMojo.java:293)
	at java.lang.Thread.run(Thread.java:745)
Caused by: com.mysql.jdbc.MysqlDataTruncation: Data truncation: Data too long for column 'occupation' at row 1
	at com.mysql.jdbc.MysqlIO.checkErrorPacket(MysqlIO.java:4185)
	at com.mysql.jdbc.MysqlIO.checkErrorPacket(MysqlIO.java:4119)
	at com.mysql.jdbc.MysqlIO.sendCommand(MysqlIO.java:2570)
	at com.mysql.jdbc.MysqlIO.sqlQueryDirect(MysqlIO.java:2731)
	at com.mysql.jdbc.ConnectionImpl.execSQL(ConnectionImpl.java:2815)
	at com.mysql.jdbc.PreparedStatement.executeInternal(PreparedStatement.java:2155)
	at com.mysql.jdbc.PreparedStatement.executeUpdate(PreparedStatement.java:2458)
	at com.mysql.jdbc.PreparedStatement.executeUpdate(PreparedStatement.java:2375)
	at com.mysql.jdbc.PreparedStatement.executeUpdate(PreparedStatement.java:2359)
	at uk.ac.standrews.cs.digitising_scotland.population_model.model.database.DBPopulationWriter.recordPerson(DBPopulationWriter.java:91)
	at uk.ac.standrews.cs.digitising_scotland.population_model.model.PopulationConverter.convert(PopulationConverter.java:71)
	at uk.ac.standrews.cs.digitising_scotland.population_model.tools.AbstractPopulationToDB.generateBatch(AbstractPopulationToDB.java:85)
	at uk.ac.standrews.cs.digitising_scotland.population_model.tools.AbstractPopulationToDB.export(AbstractPopulationToDB.java:58)
	at uk.ac.standrews.cs.digitising_scotland.population_model.tools.GenerateOrganicPopulationInDB.main(GenerateOrganicPopulationInDB.java:34)
	... 6 more
[ERROR] 
[ERROR] Re-run Maven using the -X switch to enable full debug logging.
[ERROR] 
[ERROR] For more information about the errors and possible solutions, please read the following articles:
[ERROR] [Help 1] http://cwiki.apache.org/confluence/display/MAVEN/MojoExecutionException
Setting heap size: 16GB
Exporting
1 batch of population size 250000
Generating batch 1
Seed size = 250000
MEMORY MONITOR INITIALIZED
DISTRIBUTIONS INITIALIZED
LOGGING CONTROL INITIALIZED
POPULATION SEEDED
OUTPUT PRINTER INITIALIZED
EVENT HANDLING BEGINS
Setting heap size: 16GB
Exporting
1 batch of population size 250000
Generating batch 1
Seed size = 250000
MEMORY MONITOR INITIALIZED
DISTRIBUTIONS INITIALIZED
LOGGING CONTROL INITIALIZED
POPULATION SEEDED
OUTPUT PRINTER INITIALIZED
EVENT HANDLING BEGINS
Number of people generated in population in x ms
7876227    1153155
CREATING GNU PLOT FILES
Elapsed time: 00:19:13
Exporting to database
1%
2%
3%
4%
5%
6%
7%
8%
9%
10%
11%
12%
13%
14%
15%
16%
17%
18%
19%
20%
21%
22%
23%
24%
25%
Number of people generated in population in x ms
7876227    1180018
CREATING GNU PLOT FILES
Elapsed time: 00:19:40
Exporting to database
[ERROR] Failed to execute goal org.codehaus.mojo:exec-maven-plugin:1.3:java (default-cli) on project population_model: An exception occured while executing the Java class. null: InvocationTargetException: Duplicate entry '1' for key 'PRIMARY' -> [Help 1]
org.apache.maven.lifecycle.LifecycleExecutionException: Failed to execute goal org.codehaus.mojo:exec-maven-plugin:1.3:java (default-cli) on project population_model: An exception occured while executing the Java class. null
	at org.apache.maven.lifecycle.internal.MojoExecutor.execute(MojoExecutor.java:216)
	at org.apache.maven.lifecycle.internal.MojoExecutor.execute(MojoExecutor.java:153)
	at org.apache.maven.lifecycle.internal.MojoExecutor.execute(MojoExecutor.java:145)
	at org.apache.maven.lifecycle.internal.LifecycleModuleBuilder.buildProject(LifecycleModuleBuilder.java:116)
	at org.apache.maven.lifecycle.internal.LifecycleModuleBuilder.buildProject(LifecycleModuleBuilder.java:80)
	at org.apache.maven.lifecycle.internal.builder.singlethreaded.SingleThreadedBuilder.build(SingleThreadedBuilder.java:51)
	at org.apache.maven.lifecycle.internal.LifecycleStarter.execute(LifecycleStarter.java:128)
	at org.apache.maven.DefaultMaven.doExecute(DefaultMaven.java:307)
	at org.apache.maven.DefaultMaven.doExecute(DefaultMaven.java:193)
	at org.apache.maven.DefaultMaven.execute(DefaultMaven.java:106)
	at org.apache.maven.cli.MavenCli.execute(MavenCli.java:862)
	at org.apache.maven.cli.MavenCli.doMain(MavenCli.java:286)
	at org.apache.maven.cli.MavenCli.main(MavenCli.java:197)
	at sun.reflect.NativeMethodAccessorImpl.invoke0(Native Method)
	at sun.reflect.NativeMethodAccessorImpl.invoke(NativeMethodAccessorImpl.java:62)
	at sun.reflect.DelegatingMethodAccessorImpl.invoke(DelegatingMethodAccessorImpl.java:43)
	at java.lang.reflect.Method.invoke(Method.java:497)
	at org.codehaus.plexus.classworlds.launcher.Launcher.launchEnhanced(Launcher.java:289)
	at org.codehaus.plexus.classworlds.launcher.Launcher.launch(Launcher.java:229)
	at org.codehaus.plexus.classworlds.launcher.Launcher.mainWithExitCode(Launcher.java:415)
	at org.codehaus.plexus.classworlds.launcher.Launcher.main(Launcher.java:356)
Caused by: org.apache.maven.plugin.MojoExecutionException: An exception occured while executing the Java class. null
	at org.codehaus.mojo.exec.ExecJavaMojo.execute(ExecJavaMojo.java:345)
	at org.apache.maven.plugin.DefaultBuildPluginManager.executeMojo(DefaultBuildPluginManager.java:134)
	at org.apache.maven.lifecycle.internal.MojoExecutor.execute(MojoExecutor.java:208)
	... 20 more
Caused by: java.lang.reflect.InvocationTargetException
	at sun.reflect.NativeMethodAccessorImpl.invoke0(Native Method)
	at sun.reflect.NativeMethodAccessorImpl.invoke(NativeMethodAccessorImpl.java:62)
	at sun.reflect.DelegatingMethodAccessorImpl.invoke(DelegatingMethodAccessorImpl.java:43)
	at java.lang.reflect.Method.invoke(Method.java:497)
	at org.codehaus.mojo.exec.ExecJavaMojo$1.run(ExecJavaMojo.java:293)
	at java.lang.Thread.run(Thread.java:745)
Caused by: com.mysql.jdbc.exceptions.jdbc4.MySQLIntegrityConstraintViolationException: Duplicate entry '1' for key 'PRIMARY'
	at sun.reflect.NativeConstructorAccessorImpl.newInstance0(Native Method)
	at sun.reflect.NativeConstructorAccessorImpl.newInstance(NativeConstructorAccessorImpl.java:62)
	at sun.reflect.DelegatingConstructorAccessorImpl.newInstance(DelegatingConstructorAccessorImpl.java:45)
	at java.lang.reflect.Constructor.newInstance(Constructor.java:422)
	at com.mysql.jdbc.Util.handleNewInstance(Util.java:411)
	at com.mysql.jdbc.Util.getInstance(Util.java:386)
	at com.mysql.jdbc.SQLError.createSQLException(SQLError.java:1041)
	at com.mysql.jdbc.MysqlIO.checkErrorPacket(MysqlIO.java:4187)
	at com.mysql.jdbc.MysqlIO.checkErrorPacket(MysqlIO.java:4119)
	at com.mysql.jdbc.MysqlIO.sendCommand(MysqlIO.java:2570)
	at com.mysql.jdbc.MysqlIO.sqlQueryDirect(MysqlIO.java:2731)
	at com.mysql.jdbc.ConnectionImpl.execSQL(ConnectionImpl.java:2815)
	at com.mysql.jdbc.PreparedStatement.executeInternal(PreparedStatement.java:2155)
	at com.mysql.jdbc.PreparedStatement.executeUpdate(PreparedStatement.java:2458)
	at com.mysql.jdbc.PreparedStatement.executeUpdate(PreparedStatement.java:2375)
	at com.mysql.jdbc.PreparedStatement.executeUpdate(PreparedStatement.java:2359)
	at uk.ac.standrews.cs.digitising_scotland.population_model.model.database.DBPopulationWriter.recordPerson(DBPopulationWriter.java:91)
	at uk.ac.standrews.cs.digitising_scotland.population_model.model.PopulationConverter.convert(PopulationConverter.java:71)
	at uk.ac.standrews.cs.digitising_scotland.population_model.tools.AbstractPopulationToDB.generateBatch(AbstractPopulationToDB.java:85)
	at uk.ac.standrews.cs.digitising_scotland.population_model.tools.AbstractPopulationToDB.export(AbstractPopulationToDB.java:58)
	at uk.ac.standrews.cs.digitising_scotland.population_model.tools.GenerateOrganicPopulationInDB.main(GenerateOrganicPopulationInDB.java:34)
	... 6 more
[ERROR] 
[ERROR] Re-run Maven using the -X switch to enable full debug logging.
[ERROR] 
[ERROR] For more information about the errors and possible solutions, please read the following articles:
[ERROR] [Help 1] http://cwiki.apache.org/confluence/display/MAVEN/MojoExecutionException
26%
27%
28%
29%
30%
31%
32%
33%
34%
35%
36%
37%
[ERROR] Failed to execute goal org.codehaus.mojo:exec-maven-plugin:1.3:java (default-cli) on project population_model: An exception occured while executing the Java class. null: InvocationTargetException: Table 'tsd4_population.Person' doesn't exist -> [Help 1]
org.apache.maven.lifecycle.LifecycleExecutionException: Failed to execute goal org.codehaus.mojo:exec-maven-plugin:1.3:java (default-cli) on project population_model: An exception occured while executing the Java class. null
	at org.apache.maven.lifecycle.internal.MojoExecutor.execute(MojoExecutor.java:216)
	at org.apache.maven.lifecycle.internal.MojoExecutor.execute(MojoExecutor.java:153)
	at org.apache.maven.lifecycle.internal.MojoExecutor.execute(MojoExecutor.java:145)
	at org.apache.maven.lifecycle.internal.LifecycleModuleBuilder.buildProject(LifecycleModuleBuilder.java:116)
	at org.apache.maven.lifecycle.internal.LifecycleModuleBuilder.buildProject(LifecycleModuleBuilder.java:80)
	at org.apache.maven.lifecycle.internal.builder.singlethreaded.SingleThreadedBuilder.build(SingleThreadedBuilder.java:51)
	at org.apache.maven.lifecycle.internal.LifecycleStarter.execute(LifecycleStarter.java:128)
	at org.apache.maven.DefaultMaven.doExecute(DefaultMaven.java:307)
	at org.apache.maven.DefaultMaven.doExecute(DefaultMaven.java:193)
	at org.apache.maven.DefaultMaven.execute(DefaultMaven.java:106)
	at org.apache.maven.cli.MavenCli.execute(MavenCli.java:862)
	at org.apache.maven.cli.MavenCli.doMain(MavenCli.java:286)
	at org.apache.maven.cli.MavenCli.main(MavenCli.java:197)
	at sun.reflect.NativeMethodAccessorImpl.invoke0(Native Method)
	at sun.reflect.NativeMethodAccessorImpl.invoke(NativeMethodAccessorImpl.java:62)
	at sun.reflect.DelegatingMethodAccessorImpl.invoke(DelegatingMethodAccessorImpl.java:43)
	at java.lang.reflect.Method.invoke(Method.java:497)
	at org.codehaus.plexus.classworlds.launcher.Launcher.launchEnhanced(Launcher.java:289)
	at org.codehaus.plexus.classworlds.launcher.Launcher.launch(Launcher.java:229)
	at org.codehaus.plexus.classworlds.launcher.Launcher.mainWithExitCode(Launcher.java:415)
	at org.codehaus.plexus.classworlds.launcher.Launcher.main(Launcher.java:356)
Caused by: org.apache.maven.plugin.MojoExecutionException: An exception occured while executing the Java class. null
	at org.codehaus.mojo.exec.ExecJavaMojo.execute(ExecJavaMojo.java:345)
	at org.apache.maven.plugin.DefaultBuildPluginManager.executeMojo(DefaultBuildPluginManager.java:134)
	at org.apache.maven.lifecycle.internal.MojoExecutor.execute(MojoExecutor.java:208)
	... 20 more
Caused by: java.lang.reflect.InvocationTargetException
	at sun.reflect.NativeMethodAccessorImpl.invoke0(Native Method)
	at sun.reflect.NativeMethodAccessorImpl.invoke(NativeMethodAccessorImpl.java:62)
	at sun.reflect.DelegatingMethodAccessorImpl.invoke(DelegatingMethodAccessorImpl.java:43)
	at java.lang.reflect.Method.invoke(Method.java:497)
	at org.codehaus.mojo.exec.ExecJavaMojo$1.run(ExecJavaMojo.java:293)
	at java.lang.Thread.run(Thread.java:745)
Caused by: com.mysql.jdbc.exceptions.jdbc4.MySQLSyntaxErrorException: Table 'tsd4_population.Person' doesn't exist
	at sun.reflect.NativeConstructorAccessorImpl.newInstance0(Native Method)
	at sun.reflect.NativeConstructorAccessorImpl.newInstance(NativeConstructorAccessorImpl.java:62)
	at sun.reflect.DelegatingConstructorAccessorImpl.newInstance(DelegatingConstructorAccessorImpl.java:45)
	at java.lang.reflect.Constructor.newInstance(Constructor.java:422)
	at com.mysql.jdbc.Util.handleNewInstance(Util.java:411)
	at com.mysql.jdbc.Util.getInstance(Util.java:386)
	at com.mysql.jdbc.SQLError.createSQLException(SQLError.java:1054)
	at com.mysql.jdbc.MysqlIO.checkErrorPacket(MysqlIO.java:4187)
	at com.mysql.jdbc.MysqlIO.checkErrorPacket(MysqlIO.java:4119)
	at com.mysql.jdbc.MysqlIO.sendCommand(MysqlIO.java:2570)
	at com.mysql.jdbc.MysqlIO.sqlQueryDirect(MysqlIO.java:2731)
	at com.mysql.jdbc.ConnectionImpl.execSQL(ConnectionImpl.java:2815)
	at com.mysql.jdbc.PreparedStatement.executeInternal(PreparedStatement.java:2155)
	at com.mysql.jdbc.PreparedStatement.executeUpdate(PreparedStatement.java:2458)
	at com.mysql.jdbc.PreparedStatement.executeUpdate(PreparedStatement.java:2375)
	at com.mysql.jdbc.PreparedStatement.executeUpdate(PreparedStatement.java:2359)
	at uk.ac.standrews.cs.digitising_scotland.population_model.model.database.DBPopulationWriter.recordPerson(DBPopulationWriter.java:91)
	at uk.ac.standrews.cs.digitising_scotland.population_model.model.PopulationConverter.convert(PopulationConverter.java:71)
	at uk.ac.standrews.cs.digitising_scotland.population_model.tools.AbstractPopulationToDB.generateBatch(AbstractPopulationToDB.java:85)
	at uk.ac.standrews.cs.digitising_scotland.population_model.tools.AbstractPopulationToDB.export(AbstractPopulationToDB.java:58)
	at uk.ac.standrews.cs.digitising_scotland.population_model.tools.GenerateOrganicPopulationInDB.main(GenerateOrganicPopulationInDB.java:34)
	... 6 more
[ERROR] 
[ERROR] Re-run Maven using the -X switch to enable full debug logging.
[ERROR] 
[ERROR] For more information about the errors and possible solutions, please read the following articles:
[ERROR] [Help 1] http://cwiki.apache.org/confluence/display/MAVEN/MojoExecutionException
Setting heap size: 64GB
Exporting
1 batch of population size 1000000
Generating batch 1
Seed size = 1000000
MEMORY MONITOR INITIALIZED
DISTRIBUTIONS INITIALIZED
LOGGING CONTROL INITIALIZED
POPULATION SEEDED
OUTPUT PRINTER INITIALIZED
EVENT HANDLING BEGINS
Number of people generated in population in x ms
31733557    29526580
CREATING GNU PLOT FILES
Elapsed time: 08:12:06
Exporting to database
1%
2%
3%
4%
5%
6%
7%
8%
9%
10%
11%
12%
13%
14%
15%
16%
17%
18%
19%
20%
21%
22%
23%
24%
25%
26%
27%
28%
29%
30%
31%
32%
33%
34%
35%
36%
37%
38%
39%
40%
41%
42%
43%
44%
45%
46%
47%
48%
49%
50%
51%
52%
53%
54%
55%
56%
57%
58%
59%
60%
61%
62%
63%
64%
65%
66%
67%
68%
69%
70%
71%
72%
73%
[ERROR] Failed to execute goal org.codehaus.mojo:exec-maven-plugin:1.3:java (default-cli) on project population_model: An exception occured while executing the Java class. null: InvocationTargetException: Communications link failure
[ERROR] 
[ERROR] The last packet successfully received from the server was 121 milliseconds ago.  The last packet sent successfully to the server was 121 milliseconds ago. Can not read response from server. Expected to read 4 bytes, read 0 bytes before connection was unexpectedly lost.
[ERROR] -> [Help